2025-06-16 09:52:27,698 - LPR_System - INFO - System Initialized. Starting detection loop.
2025-06-16 09:57:43,750 - LPR_System - INFO - System Initialized. Starting detection loop.
2025-06-16 12:35:32,756 - LPR_System - INFO - Detection worker thread started.
2025-06-16 12:36:07,138 - LPR_System - INFO - DETECTED: Plate=UGL940O, Confidence=0.01
2025-06-16 12:36:10,313 - LPR_System - INFO - DETECTED: Plate=AC0144, Confidence=0.02
2025-06-16 12:36:13,411 - LPR_System - INFO - DETECTED: Plate=K0108, Confidence=0.10
2025-06-16 12:36:22,871 - LPR_System - INFO - DETECTED: Plate=A0108, Confidence=0.13
2025-06-16 12:36:26,079 - LPR_System - INFO - DETECTED: Plate=LL9100, Confidence=0.12
2025-06-16 12:36:35,060 - LPR_System - INFO - DETECTED: Plate=IATACAS, Confidence=0.10
2025-06-16 12:36:38,640 - LPR_System - INFO - DETECTED: Plate=1234, Confidence=0.23
2025-06-16 12:36:42,600 - LPR_System - INFO - DETECTED: Plate=IND12334, Confidence=0.84
2025-06-16 12:36:46,303 - LPR_System - INFO - DETECTED: Plate=IND12334, Confidence=0.80
2025-06-16 12:36:50,143 - LPR_System - INFO - DETECTED: Plate=IND12334, Confidence=1.00
2025-06-16 12:37:29,989 - LPR_System - INFO - Shutdown initiated by user.
2025-06-16 12:37:30,957 - LPR_System - INFO - Detection worker thread stopped.
2025-06-16 12:37:30,957 - LPR_System - INFO - Detection thread joined.
2025-06-16 12:37:31,337 - LPR_System - INFO - Camera released.
2025-06-16 12:48:49,657 - LPR_System - INFO - System Initialized. Starting detection loop.
2025-06-16 12:49:07,637 - LPR_System - INFO - Program interrupted by user.
2025-06-16 12:49:08,016 - LPR_System - INFO - System shutting down.
2025-06-16 12:54:04,495 - LPR_System - INFO - System Initialized. Starting detection loop.
2025-06-16 12:54:20,642 - LPR_System - INFO - Program interrupted by user.
2025-06-16 12:54:20,997 - LPR_System - INFO - System shutting down.
